Performing C++ SOURCE FILE Test _HAS_CXX11_FLAG failed with the following output:
Change Dir: /input/FairShipRun/CMakeFiles/CMakeTmp

Run Build Command:/usr/bin/gmake "cmTryCompileExec1877307930/fast"
gmake: Warning: File `Makefile' has modification time 7.7 s in the future
/usr/bin/gmake -f CMakeFiles/cmTryCompileExec1877307930.dir/build.make CMakeFiles/cmTryCompileExec1877307930.dir/build
gmake[1]: Entering directory `/input/FairShipRun/CMakeFiles/CMakeTmp'
gmake[1]: Warning: File `CMakeFiles/cmTryCompileExec1877307930.dir/flags.make' has modification time 7.7 s in the future
/usr/bin/cmake -E cmake_progress_report /input/FairShipRun/CMakeFiles/CMakeTmp/CMakeFiles 1
Building CXX object CMakeFiles/cmTryCompileExec1877307930.dir/src.cxx.o
/usr/bin/c++    -D_HAS_CXX11_FLAG   -std=c++11 -o CMakeFiles/cmTryCompileExec1877307930.dir/src.cxx.o -c /input/FairShipRun/CMakeFiles/CMakeTmp/src.cxx
cc1plus: error: unrecognized command line option "-std=c++11"
gmake[1]: *** [CMakeFiles/cmTryCompileExec1877307930.dir/src.cxx.o] Error 1
gmake[1]: Leaving directory `/input/FairShipRun/CMakeFiles/CMakeTmp'
gmake: *** [cmTryCompileExec1877307930/fast] Error 2

Source file was:
int main() { return 0;}
Performing C++ SOURCE FILE Test HAS_STD_FLAG failed with the following output:
Change Dir: /input/FairShipRun/CMakeFiles/CMakeTmp

Run Build Command:/usr/bin/gmake "cmTryCompileExec2436052442/fast"
gmake: Warning: File `Makefile' has modification time 7.8 s in the future
/usr/bin/gmake -f CMakeFiles/cmTryCompileExec2436052442.dir/build.make CMakeFiles/cmTryCompileExec2436052442.dir/build
gmake[1]: Entering directory `/input/FairShipRun/CMakeFiles/CMakeTmp'
gmake[1]: Warning: File `CMakeFiles/cmTryCompileExec2436052442.dir/flags.make' has modification time 7.8 s in the future
/usr/bin/cmake -E cmake_progress_report /input/FairShipRun/CMakeFiles/CMakeTmp/CMakeFiles 1
Building CXX object CMakeFiles/cmTryCompileExec2436052442.dir/src.cxx.o
/usr/bin/c++    -DHAS_STD_FLAG   -std=c++03 -o CMakeFiles/cmTryCompileExec2436052442.dir/src.cxx.o -c /input/FairShipRun/CMakeFiles/CMakeTmp/src.cxx
cc1plus: error: unrecognized command line option "-std=c++03"
gmake[1]: *** [CMakeFiles/cmTryCompileExec2436052442.dir/src.cxx.o] Error 1
gmake[1]: Leaving directory `/input/FairShipRun/CMakeFiles/CMakeTmp'
gmake: *** [cmTryCompileExec2436052442/fast] Error 2

Source file was:
int main() { return 0;}
Performing C++ SOURCE FILE Test HAS_STD_FLAG_ALTERNATIVE failed with the following output:
Change Dir: /input/FairShipRun/CMakeFiles/CMakeTmp

Run Build Command:/usr/bin/gmake "cmTryCompileExec2752023188/fast"
gmake: Warning: File `Makefile' has modification time 7.6 s in the future
/usr/bin/gmake -f CMakeFiles/cmTryCompileExec2752023188.dir/build.make CMakeFiles/cmTryCompileExec2752023188.dir/build
gmake[1]: Entering directory `/input/FairShipRun/CMakeFiles/CMakeTmp'
gmake[1]: Warning: File `CMakeFiles/cmTryCompileExec2752023188.dir/flags.make' has modification time 7.6 s in the future
/usr/bin/cmake -E cmake_progress_report /input/FairShipRun/CMakeFiles/CMakeTmp/CMakeFiles 1
Building CXX object CMakeFiles/cmTryCompileExec2752023188.dir/src.cxx.o
/usr/bin/c++    -DHAS_STD_FLAG_ALTERNATIVE   --std=c++03 -o CMakeFiles/cmTryCompileExec2752023188.dir/src.cxx.o -c /input/FairShipRun/CMakeFiles/CMakeTmp/src.cxx
cc1plus: error: unrecognized command line option "-std=c++03"
gmake[1]: *** [CMakeFiles/cmTryCompileExec2752023188.dir/src.cxx.o] Error 1
gmake[1]: Leaving directory `/input/FairShipRun/CMakeFiles/CMakeTmp'
gmake: *** [cmTryCompileExec2752023188/fast] Error 2

Source file was:
int main() { return 0;}
